<?xml version="1.0" encoding="UTF-8"?>
<testng-results skipped="0" failed="0" ignored="0" total="1" passed="1">
  <reporter-output>
  </reporter-output>
  <suite name="example.NewTest" duration-ms="8718" started-at="2018-10-25T21:16:38Z" finished-at="2018-10-25T21:16:46Z">
    <groups>
    </groups>
    <test name="Command line test" duration-ms="8718" started-at="2018-10-25T21:16:38Z" finished-at="2018-10-25T21:16:46Z">
      <class name="example.NewTest">
        <test-method status="PASS" signature="beforeTest()[pri:0, instance:example.NewTest@380fb434]" name="beforeTest" is-config="true" duration-ms="3672" started-at="2018-10-25T21:16:38Z" finished-at="2018-10-25T21:16:41Z">
          <reporter-output>
          </reporter-output>
        </test-method> <!-- beforeTest -->
        <test-method status="PASS" signature="testEasy()[pri:0, instance:example.NewTest@380fb434]" name="testEasy" duration-ms="4344" started-at="2018-10-25T21:16:41Z" finished-at="2018-10-25T21:16:46Z">
          <reporter-output>
          </reporter-output>
        </test-method> <!-- testEasy -->
        <test-method status="PASS" signature="afterTest()[pri:0, instance:example.NewTest@380fb434]" name="afterTest" is-config="true" duration-ms="690" started-at="2018-10-25T21:16:46Z" finished-at="2018-10-25T21:16:46Z">
          <reporter-output>
          </reporter-output>
        </test-method> <!-- afterTest -->
      </class> <!-- example.NewTest -->
    </test> <!-- Command line test -->
  </suite> <!-- example.NewTest -->
</testng-results>
